<?xml version="1.0" encoding="utf-8"?><testsuites name="pytest tests"><testsuite name="pytest" errors="0" failures="0" skipped="0" tests="11" time="9.047" timestamp="2026-09-24T11:20:16.080730+00:00" hostname="agent-env-3b1ebc6d-ac7c-40a3-893e-46ec43a12767"><testcase classname="tests.backend_test.TestAuth" name="test_me_without_token" time="0.317" /><testcase classname="tests.backend_test.TestAuth" name="test_data_without_token" time="0.122" /><testcase classname="tests.backend_test.TestData" name="test_get_default_data" time="0.492" /><testcase classname="tests.backend_test.TestData" name="test_put_and_get_data" time="0.296" /><testcase classname="tests.backend_test.TestAuth" name="test_me_with_valid_token" time="0.440" /><testcase classname="tests.backend_test.TestData" name="test_logout_clears_session" time="0.293" /><testcase classname="tests.backend_test.TestAuth" name="test_me_invalid_token" time="0.151" /><testcase classname="tests.backend_test.TestAuth" name="test_session_missing_header" time="0.118" /><testcase classname="tests.backend_test" name="test_root" time="0.141" /><testcase classname="tests.backend_test.TestAuth" name="test_session_invalid_id_returns_401" time="0.534" /><testcase classname="tests.backend_test.TestMeal" name="test_generate_meal" time="7.507" /></testsuite></testsuites>